# JRE version: OpenJDK Runtime Environment (17.0.6) (build 17.0.6+0-b2043.56-10027231)
# Java VM: OpenJDK 64-Bit Server VM (17.0.6+0-b2043.56-10027231, mixed mode, tiered, compressed oops, compressed class ptrs, g1 gc, windows-amd64)
GC Precious Log:
 CPUs: 12 total, 12 available
 Memory: 15754M
 Large Page Support: Disabled
 NUMA Support: Disabled
 Compressed Oops: Enabled (32-bit)
 Heap Region Size: 1M
 Heap Min Capacity: 8M
 Heap Initial Capacity: 248M
 Heap Max Capacity: 2G
 Pre-touch: Disabled
 Parallel Workers: 10
 Concurrent Workers: 3
 Concurrent Refinement Workers: 10
 Periodic GC: Disabled
Heap:
 garbage-first heap   total 165888K, used 95454K [0x0000000080000000, 0x0000000100000000)
  region size 1024K, 35 young (35840K), 3 survivors (3072K)
 Metaspace       used 75241K, committed 75840K, reserved 1122304K
  class space    used 9968K, committed 10240K, reserved 1048576K
GC Heap History (20 events):
Event: 6.773 GC heap before
{Heap before GC invocations=20 (full 0):
 garbage-first heap   total 75776K, used 49327K [0x0000000080000000, 0x0000000100000000)
  region size 1024K, 11 young (11264K), 3 survivors (3072K)
 Metaspace       used 60533K, committed 61056K, reserved 1105920K
  class space    used 8063K, committed 8320K, reserved 1048576K
}
Event: 6.775 GC heap after
{Heap after GC invocations=21 (full 0):
 garbage-first heap   total 75776K, used 43818K [0x0000000080000000, 0x0000000100000000)
  region size 1024K, 3 young (3072K), 3 survivors (3072K)
 Metaspace       used 60533K, committed 61056K, reserved 1105920K
  class space    used 8063K, committed 8320K, reserved 1048576K
}
Event: 7.366 GC heap before
{Heap before GC invocations=22 (full 0):
 garbage-first heap   total 83968K, used 66346K [0x0000000080000000, 0x0000000100000000)
  region size 1024K, 16 young (16384K), 3 survivors (3072K)
 Metaspace       used 60974K, committed 61504K, reserved 1105920K
  class space    used 8118K, committed 8384K, reserved 1048576K
}
Event: 7.368 GC heap after
{Heap after GC invocations=23 (full 0):
 garbage-first heap   total 83968K, used 59300K [0x0000000080000000, 0x0000000100000000)
  region size 1024K, 2 young (2048K), 2 survivors (2048K)
 Metaspace       used 60974K, committed 61504K, reserved 1105920K
  class space    used 8118K, committed 8384K, reserved 1048576K
}
Event: 7.396 GC heap before
{Heap before GC invocations=23 (full 0):
 garbage-first heap   total 83968K, used 60324K [0x0000000080000000, 0x0000000100000000)
  region size 1024K, 4 young (4096K), 2 survivors (2048K)
 Metaspace       used 61284K, committed 61888K, reserved 1105920K
  class space    used 8160K, committed 8448K, reserved 1048576K
}
Event: 7.397 GC heap after
{Heap after GC invocations=24 (full 0):
 garbage-first heap   total 83968K, used 59367K [0x0000000080000000, 0x0000000100000000)
  region size 1024K, 1 young (1024K), 1 survivors (1024K)
 Metaspace       used 61284K, committed 61888K, reserved 1105920K
  class space    used 8160K, committed 8448K, reserved 1048576K
}
Event: 7.480 GC heap before
{Heap before GC invocations=24 (full 0):
 garbage-first heap   total 83968K, used 67559K [0x0000000080000000, 0x0000000100000000)
  region size 1024K, 9 young (9216K), 1 survivors (1024K)
 Metaspace       used 62337K, committed 62912K, reserved 1105920K
  class space    used 8294K, committed 8576K, reserved 1048576K
}
Event: 7.481 GC heap after
{Heap after GC invocations=25 (full 0):
 garbage-first heap   total 83968K, used 59594K [0x0000000080000000, 0x0000000100000000)
  region size 1024K, 1 young (1024K), 1 survivors (1024K)
 Metaspace       used 62337K, committed 62912K, reserved 1105920K
  class space    used 8294K, committed 8576K, reserved 1048576K
}
Event: 7.561 GC heap before
{Heap before GC invocations=26 (full 0):
 garbage-first heap   total 104448K, used 67786K [0x0000000080000000, 0x0000000100000000)
  region size 1024K, 9 young (9216K), 1 survivors (1024K)
 Metaspace       used 63459K, committed 64000K, reserved 1105920K
  class space    used 8467K, committed 8768K, reserved 1048576K
}
Event: 7.562 GC heap after
{Heap after GC invocations=27 (full 0):
 garbage-first heap   total 104448K, used 59796K [0x0000000080000000, 0x0000000100000000)
  region size 1024K, 1 young (1024K), 1 survivors (1024K)
 Metaspace       used 63459K, committed 64000K, reserved 1105920K
  class space    used 8467K, committed 8768K, reserved 1048576K
}
Event: 7.608 GC heap before
{Heap before GC invocations=27 (full 0):
 garbage-first heap   total 104448K, used 63892K [0x0000000080000000, 0x0000000100000000)
  region size 1024K, 5 young (5120K), 1 survivors (1024K)
 Metaspace       used 64015K, committed 64576K, reserved 1105920K
  class space    used 8544K, committed 8832K, reserved 1048576K
}
Event: 7.609 GC heap after
{Heap after GC invocations=28 (full 0):
 garbage-first heap   total 104448K, used 59208K [0x0000000080000000, 0x0000000100000000)
  region size 1024K, 1 young (1024K), 1 survivors (1024K)
 Metaspace       used 64015K, committed 64576K, reserved 1105920K
  class space    used 8544K, committed 8832K, reserved 1048576K
}
Event: 7.832 GC heap before
{Heap before GC invocations=28 (full 0):
 garbage-first heap   total 104448K, used 78664K [0x0000000080000000, 0x0000000100000000)
  region size 1024K, 20 young (20480K), 1 survivors (1024K)
 Metaspace       used 67519K, committed 68096K, reserved 1114112K
  class space    used 8899K, committed 9152K, reserved 1048576K
}
Event: 7.833 GC heap after
{Heap after GC invocations=29 (full 0):
 garbage-first heap   total 104448K, used 59913K [0x0000000080000000, 0x0000000100000000)
  region size 1024K, 2 young (2048K), 2 survivors (2048K)
 Metaspace       used 67519K, committed 68096K, reserved 1114112K
  class space    used 8899K, committed 9152K, reserved 1048576K
}
Event: 8.140 GC heap before
{Heap before GC invocations=30 (full 0):
 garbage-first heap   total 106496K, used 80393K [0x0000000080000000, 0x0000000100000000)
  region size 1024K, 22 young (22528K), 2 survivors (2048K)
 Metaspace       used 70901K, committed 71488K, reserved 1114112K
  class space    used 9384K, committed 9664K, reserved 1048576K
}
Event: 8.142 GC heap after
{Heap after GC invocations=31 (full 0):
 garbage-first heap   total 106496K, used 61020K [0x0000000080000000, 0x0000000100000000)
  region size 1024K, 3 young (3072K), 3 survivors (3072K)
 Metaspace       used 70901K, committed 71488K, reserved 1114112K
  class space    used 9384K, committed 9664K, reserved 1048576K
}
Event: 8.155 GC heap before
{Heap before GC invocations=31 (full 0):
 garbage-first heap   total 106496K, used 63068K [0x0000000080000000, 0x0000000100000000)
  region size 1024K, 5 young (5120K), 3 survivors (3072K)
 Metaspace       used 71066K, committed 71616K, reserved 1114112K
  class space    used 9405K, committed 9664K, reserved 1048576K
}
Event: 8.157 GC heap after
{Heap after GC invocations=32 (full 0):
 garbage-first heap   total 106496K, used 61233K [0x0000000080000000, 0x0000000100000000)
  region size 1024K, 1 young (1024K), 1 survivors (1024K)
 Metaspace       used 71066K, committed 71616K, reserved 1114112K
  class space    used 9405K, committed 9664K, reserved 1048576K
}
Event: 8.326 GC heap before
{Heap before GC invocations=32 (full 0):
 garbage-first heap   total 106496K, used 88881K [0x0000000080000000, 0x0000000100000000)
  region size 1024K, 23 young (23552K), 1 survivors (1024K)
 Metaspace       used 72281K, committed 72832K, reserved 1114112K
  class space    used 9560K, committed 9856K, reserved 1048576K
}
Event: 8.328 GC heap after
{Heap after GC invocations=33 (full 0):
 garbage-first heap   total 165888K, used 63710K [0x0000000080000000, 0x0000000100000000)
  region size 1024K, 3 young (3072K), 3 survivors (3072K)
 Metaspace       used 72281K, committed 72832K, reserved 1114112K
  class space    used 9560K, committed 9856K, reserved 1048576K
}

